0 info it worked if it ends with ok
1 verbose cli [ 'node',
1 verbose cli   '/home/monty/bin/node-v0.12.6-linux-x64/bin/npm',
1 verbose cli   'run',
1 verbose cli   'dev' ]
2 info using npm@3.0.0
3 info using node@v0.12.6
4 verbose run-script [ 'predev', 'dev', 'postdev' ]
5 info predev cardboardcity-webgui@0.0.0
6 info dev cardboardcity-webgui@0.0.0
7 verbose unsafe-perm in lifecycle true
8 info cardboardcity-webgui@0.0.0 Failed to exec dev script
9 verbose stack Error: cardboardcity-webgui@0.0.0 dev: `gulp dev`
9 verbose stack Exit status 1
9 verbose stack     at EventEmitter.<anonymous> (/home/monty/bin/node-v0.12.6-linux-x64/lib/node_modules/npm/lib/utils/lifecycle.js:222:16)
9 verbose stack     at EventEmitter.emit (events.js:110:17)
9 verbose stack     at ChildProcess.<anonymous> (/home/monty/bin/node-v0.12.6-linux-x64/lib/node_modules/npm/lib/utils/spawn.js:24:14)
9 verbose stack     at ChildProcess.emit (events.js:110:17)
9 verbose stack     at maybeClose (child_process.js:1015:16)
9 verbose stack     at Process.ChildProcess._handle.onexit (child_process.js:1087:5)
10 verbose pkgid cardboardcity-webgui@0.0.0
11 verbose cwd /home/monty/Code/Node.js/cardboardcity-webgui
12 error Linux 3.19.0-21-generic
13 error argv "node" "/home/monty/bin/node-v0.12.6-linux-x64/bin/npm" "run" "dev"
14 error node v0.12.6
15 error npm  v3.0.0
16 error code ELIFECYCLE
17 error cardboardcity-webgui@0.0.0 dev: `gulp dev`
17 error Exit status 1
18 error Failed at the cardboardcity-webgui@0.0.0 dev script 'gulp dev'.
18 error This is most likely a problem with the cardboardcity-webgui package,
18 error not with npm itself.
18 error Tell the author that this fails on your system:
18 error     gulp dev
18 error You can get their info via:
18 error     npm owner ls cardboardcity-webgui
18 error There is likely additional logging output above.
19 verbose exit [ 1, true ]
